2025-07-22T22:06:00.787+05:30  INFO 17532 --- [Back_End] [main] lk.ijse.back_end.Application             : Starting Application using Java 21.0.4 with PID 17532 (D:\AAD\JAVAEE\PROJECTS\JMS\Back_End\target\classes started by VivoBook in D:\AAD\JAVAEE\PROJECTS\JMS)
2025-07-22T22:06:00.789+05:30 DEBUG 17532 --- [Back_End] [main] lk.ijse.back_end.Application             : Running with Spring Boot v3.5.3, Spring v6.2.8
2025-07-22T22:06:00.790+05:30  INFO 17532 --- [Back_End] [main] lk.ijse.back_end.Application             : No active profile set, falling back to 1 default profile: "default"
2025-07-22T22:06:01.238+05:30  INFO 17532 --- [Back_End] [main] .s.d.r.c.RepositoryConfigurationDelegate : Bootstrapping Spring Data JPA repositories in DEFAULT mode.
2025-07-22T22:06:01.277+05:30  INFO 17532 --- [Back_End] [main] .s.d.r.c.RepositoryConfigurationDelegate : Finished Spring Data repository scanning in 32 ms. Found 1 JPA repository interface.
2025-07-22T22:06:01.620+05:30  INFO 17532 --- [Back_End] [main] o.s.b.w.embedded.tomcat.TomcatWebServer  : Tomcat initialized with port 8080 (http)
2025-07-22T22:06:01.631+05:30  INFO 17532 --- [Back_End] [main] o.apache.catalina.core.StandardService   : Starting service [Tomcat]
2025-07-22T22:06:01.632+05:30  INFO 17532 --- [Back_End] [main] o.apache.catalina.core.StandardEngine    : Starting Servlet engine: [Apache Tomcat/10.1.42]
2025-07-22T22:06:01.671+05:30  INFO 17532 --- [Back_End] [main] o.a.c.c.C.[Tomcat].[localhost].[/]       : Initializing Spring embedded WebApplicationContext
2025-07-22T22:06:01.672+05:30  INFO 17532 --- [Back_End] [main] w.s.c.ServletWebServerApplicationContext : Root WebApplicationContext: initialization completed in 843 ms
2025-07-22T22:06:01.795+05:30  INFO 17532 --- [Back_End] [main] o.hibernate.jpa.internal.util.LogHelper  : HHH000204: Processing PersistenceUnitInfo [name: default]
2025-07-22T22:06:01.853+05:30  INFO 17532 --- [Back_End] [main] org.hibernate.Version                    : HHH000412: Hibernate ORM core version 6.6.18.Final
2025-07-22T22:06:01.891+05:30  INFO 17532 --- [Back_End] [main] o.h.c.internal.RegionFactoryInitiator    : HHH000026: Second-level cache disabled
2025-07-22T22:06:02.151+05:30  INFO 17532 --- [Back_End] [main] o.s.o.j.p.SpringPersistenceUnitInfo      : No LoadTimeWeaver setup: ignoring JPA class transformer
2025-07-22T22:06:02.182+05:30  INFO 17532 --- [Back_End] [main] com.zaxxer.hikari.HikariDataSource       : HikariPool-1 - Starting...
2025-07-22T22:06:02.569+05:30  INFO 17532 --- [Back_End] [main] com.zaxxer.hikari.pool.HikariPool        : HikariPool-1 - Added connection com.mysql.cj.jdbc.ConnectionImpl@e0847a9
2025-07-22T22:06:02.570+05:30  INFO 17532 --- [Back_End] [main] com.zaxxer.hikari.HikariDataSource       : HikariPool-1 - Start completed.
2025-07-22T22:06:02.628+05:30  WARN 17532 --- [Back_End] [main] org.hibernate.orm.deprecation            : HHH90000025: MySQL8Dialect does not need to be specified explicitly using 'hibernate.dialect' (remove the property setting and it will be selected by default)
2025-07-22T22:06:02.628+05:30  WARN 17532 --- [Back_End] [main] org.hibernate.orm.deprecation            : HHH90000026: MySQL8Dialect has been deprecated; use org.hibernate.dialect.MySQLDialect instead
2025-07-22T22:06:02.643+05:30  INFO 17532 --- [Back_End] [main] org.hibernate.orm.connections.pooling    : HHH10001005: Database info:
	Database JDBC URL [Connecting through datasource 'HikariDataSource (HikariPool-1)']
	Database driver: undefined/unknown
	Database version: 8.0
	Autocommit mode: undefined/unknown
	Isolation level: undefined/unknown
	Minimum pool size: undefined/unknown
	Maximum pool size: undefined/unknown
2025-07-22T22:06:03.260+05:30  INFO 17532 --- [Back_End] [main] o.h.e.t.j.p.i.JtaPlatformInitiator       : HHH000489: No JTA platform available (set 'hibernate.transaction.jta.platform' to enable JTA platform integration)
2025-07-22T22:06:03.336+05:30  INFO 17532 --- [Back_End] [main] j.LocalContainerEntityManagerFactoryBean : Initialized JPA EntityManagerFactory for persistence unit 'default'
2025-07-22T22:06:03.554+05:30  INFO 17532 --- [Back_End] [main] o.s.d.j.r.query.QueryEnhancerFactory     : Hibernate is in classpath; If applicable, HQL parser will be used.
2025-07-22T22:06:03.600+05:30  WARN 17532 --- [Back_End] [main] JpaBaseConfiguration$JpaWebConfiguration : spring.jpa.open-in-view is enabled by default. Therefore, database queries may be performed during view rendering. Explicitly configure spring.jpa.open-in-view to disable this warning
2025-07-22T22:06:03.664+05:30 DEBUG 17532 --- [Back_End] [main] s.w.s.m.m.a.RequestMappingHandlerMapping : 7 mappings in 'requestMappingHandlerMapping'
2025-07-22T22:06:03.722+05:30 DEBUG 17532 --- [Back_End] [main] o.s.w.s.handler.SimpleUrlHandlerMapping  : Patterns [/webjars/**, /**] in 'resourceHandlerMapping'
2025-07-22T22:06:03.740+05:30 DEBUG 17532 --- [Back_End] [main] s.w.s.m.m.a.RequestMappingHandlerAdapter : ControllerAdvice beans: 0 @ModelAttribute, 0 @InitBinder, 1 RequestBodyAdvice, 1 ResponseBodyAdvice
2025-07-22T22:06:03.782+05:30 DEBUG 17532 --- [Back_End] [main] .m.m.a.ExceptionHandlerExceptionResolver : ControllerAdvice beans: 1 @ExceptionHandler, 1 ResponseBodyAdvice
2025-07-22T22:06:03.887+05:30  INFO 17532 --- [Back_End] [main] o.s.b.w.embedded.tomcat.TomcatWebServer  : Tomcat started on port 8080 (http) with context path '/'
2025-07-22T22:06:03.893+05:30  INFO 17532 --- [Back_End] [main] lk.ijse.back_end.Application             : Started Application in 3.496 seconds (process running for 4.101)
2025-07-22T22:06:12.025+05:30  INFO 17532 --- [Back_End] [SpringApplicationShutdownHook] o.s.b.w.e.tomcat.GracefulShutdown        : Commencing graceful shutdown. Waiting for active requests to complete
2025-07-22T22:06:12.028+05:30  INFO 17532 --- [Back_End] [tomcat-shutdown] o.s.b.w.e.tomcat.GracefulShutdown        : Graceful shutdown complete
2025-07-22T22:06:12.032+05:30  INFO 17532 --- [Back_End] [SpringApplicationShutdownHook] j.LocalContainerEntityManagerFactoryBean : Closing JPA EntityManagerFactory for persistence unit 'default'
2025-07-22T22:06:12.033+05:30  INFO 17532 --- [Back_End] [SpringApplicationShutdownHook] com.zaxxer.hikari.HikariDataSource       : HikariPool-1 - Shutdown initiated...
2025-07-22T22:06:12.039+05:30  INFO 17532 --- [Back_End] [SpringApplicationShutdownHook] com.zaxxer.hikari.HikariDataSource       : HikariPool-1 - Shutdown completed.
2025-07-22T22:07:33.280+05:30  INFO 16440 --- [Back_End] [main] lk.ijse.back_end.Application             : Starting Application using Java 21.0.4 with PID 16440 (D:\AAD\JAVAEE\PROJECTS\JMS\Back_End\target\classes started by VivoBook in D:\AAD\JAVAEE\PROJECTS\JMS)
2025-07-22T22:07:33.282+05:30 DEBUG 16440 --- [Back_End] [main] lk.ijse.back_end.Application             : Running with Spring Boot v3.5.3, Spring v6.2.8
2025-07-22T22:07:33.282+05:30  INFO 16440 --- [Back_End] [main] lk.ijse.back_end.Application             : No active profile set, falling back to 1 default profile: "default"
2025-07-22T22:07:33.809+05:30  INFO 16440 --- [Back_End] [main] .s.d.r.c.RepositoryConfigurationDelegate : Bootstrapping Spring Data JPA repositories in DEFAULT mode.
2025-07-22T22:07:33.855+05:30  INFO 16440 --- [Back_End] [main] .s.d.r.c.RepositoryConfigurationDelegate : Finished Spring Data repository scanning in 40 ms. Found 1 JPA repository interface.
2025-07-22T22:07:34.203+05:30  INFO 16440 --- [Back_End] [main] o.s.b.w.embedded.tomcat.TomcatWebServer  : Tomcat initialized with port 8080 (http)
2025-07-22T22:07:34.214+05:30  INFO 16440 --- [Back_End] [main] o.apache.catalina.core.StandardService   : Starting service [Tomcat]
2025-07-22T22:07:34.215+05:30  INFO 16440 --- [Back_End] [main] o.apache.catalina.core.StandardEngine    : Starting Servlet engine: [Apache Tomcat/10.1.42]
2025-07-22T22:07:34.254+05:30  INFO 16440 --- [Back_End] [main] o.a.c.c.C.[Tomcat].[localhost].[/]       : Initializing Spring embedded WebApplicationContext
2025-07-22T22:07:34.254+05:30  INFO 16440 --- [Back_End] [main] w.s.c.ServletWebServerApplicationContext : Root WebApplicationContext: initialization completed in 943 ms
2025-07-22T22:07:34.370+05:30  INFO 16440 --- [Back_End] [main] o.hibernate.jpa.internal.util.LogHelper  : HHH000204: Processing PersistenceUnitInfo [name: default]
2025-07-22T22:07:34.427+05:30  INFO 16440 --- [Back_End] [main] org.hibernate.Version                    : HHH000412: Hibernate ORM core version 6.6.18.Final
2025-07-22T22:07:34.463+05:30  INFO 16440 --- [Back_End] [main] o.h.c.internal.RegionFactoryInitiator    : HHH000026: Second-level cache disabled
2025-07-22T22:07:34.692+05:30  INFO 16440 --- [Back_End] [main] o.s.o.j.p.SpringPersistenceUnitInfo      : No LoadTimeWeaver setup: ignoring JPA class transformer
2025-07-22T22:07:34.716+05:30  INFO 16440 --- [Back_End] [main] com.zaxxer.hikari.HikariDataSource       : HikariPool-1 - Starting...
2025-07-22T22:07:35.017+05:30  INFO 16440 --- [Back_End] [main] com.zaxxer.hikari.pool.HikariPool        : HikariPool-1 - Added connection com.mysql.cj.jdbc.ConnectionImpl@592cb470
2025-07-22T22:07:35.018+05:30  INFO 16440 --- [Back_End] [main] com.zaxxer.hikari.HikariDataSource       : HikariPool-1 - Start completed.
2025-07-22T22:07:35.057+05:30  WARN 16440 --- [Back_End] [main] org.hibernate.orm.deprecation            : HHH90000025: MySQL8Dialect does not need to be specified explicitly using 'hibernate.dialect' (remove the property setting and it will be selected by default)
2025-07-22T22:07:35.058+05:30  WARN 16440 --- [Back_End] [main] org.hibernate.orm.deprecation            : HHH90000026: MySQL8Dialect has been deprecated; use org.hibernate.dialect.MySQLDialect instead
2025-07-22T22:07:35.072+05:30  INFO 16440 --- [Back_End] [main] org.hibernate.orm.connections.pooling    : HHH10001005: Database info:
	Database JDBC URL [Connecting through datasource 'HikariDataSource (HikariPool-1)']
	Database driver: undefined/unknown
	Database version: 8.0
	Autocommit mode: undefined/unknown
	Isolation level: undefined/unknown
	Minimum pool size: undefined/unknown
	Maximum pool size: undefined/unknown
2025-07-22T22:07:35.700+05:30  INFO 16440 --- [Back_End] [main] o.h.e.t.j.p.i.JtaPlatformInitiator       : HHH000489: No JTA platform available (set 'hibernate.transaction.jta.platform' to enable JTA platform integration)
2025-07-22T22:07:35.744+05:30  INFO 16440 --- [Back_End] [main] j.LocalContainerEntityManagerFactoryBean : Initialized JPA EntityManagerFactory for persistence unit 'default'
2025-07-22T22:07:35.918+05:30  INFO 16440 --- [Back_End] [main] o.s.d.j.r.query.QueryEnhancerFactory     : Hibernate is in classpath; If applicable, HQL parser will be used.
2025-07-22T22:07:36.002+05:30  WARN 16440 --- [Back_End] [main] JpaBaseConfiguration$JpaWebConfiguration : spring.jpa.open-in-view is enabled by default. Therefore, database queries may be performed during view rendering. Explicitly configure spring.jpa.open-in-view to disable this warning
2025-07-22T22:07:36.068+05:30 DEBUG 16440 --- [Back_End] [main] s.w.s.m.m.a.RequestMappingHandlerMapping : 7 mappings in 'requestMappingHandlerMapping'
2025-07-22T22:07:36.117+05:30 DEBUG 16440 --- [Back_End] [main] o.s.w.s.handler.SimpleUrlHandlerMapping  : Patterns [/webjars/**, /**] in 'resourceHandlerMapping'
2025-07-22T22:07:36.140+05:30 DEBUG 16440 --- [Back_End] [main] s.w.s.m.m.a.RequestMappingHandlerAdapter : ControllerAdvice beans: 0 @ModelAttribute, 0 @InitBinder, 1 RequestBodyAdvice, 1 ResponseBodyAdvice
2025-07-22T22:07:36.182+05:30 DEBUG 16440 --- [Back_End] [main] .m.m.a.ExceptionHandlerExceptionResolver : ControllerAdvice beans: 1 @ExceptionHandler, 1 ResponseBodyAdvice
2025-07-22T22:07:36.267+05:30  INFO 16440 --- [Back_End] [main] o.s.b.w.embedded.tomcat.TomcatWebServer  : Tomcat started on port 8080 (http) with context path '/'
2025-07-22T22:07:36.273+05:30  INFO 16440 --- [Back_End] [main] lk.ijse.back_end.Application             : Started Application in 3.363 seconds (process running for 4.009)
